# JRE version: Java(TM) SE Runtime Environment (8.0_05-b13) (build 1.8.0_05-b13)
# Java VM: Java HotSpot(TM) 64-Bit Server VM (25.5-b02 mixed mode windows-amd64 compressed oops)
Heap:
 PSYoungGen      total 117760K, used 77389K [0x00000000eab00000, 0x00000000f5000000, 0x0000000100000000)
  eden space 101376K, 62% used [0x00000000eab00000,0x00000000ee8bb4f8,0x00000000f0e00000)
  from space 16384K, 86% used [0x00000000f0e00000,0x00000000f1bd8000,0x00000000f1e00000)
  to   space 18432K, 0% used [0x00000000f3e00000,0x00000000f3e00000,0x00000000f5000000)
 ParOldGen       total 129536K, used 67852K [0x00000000c0000000, 0x00000000c7e80000, 0x00000000eab00000)
  object space 129536K, 52% used [0x00000000c0000000,0x00000000c4243150,0x00000000c7e80000)
 Metaspace       used 6849K, capacity 7512K, committed 7680K, reserved 1056768K
  class space    used 671K, capacity 720K, committed 768K, reserved 1048576K
GC Heap History (10 events):
Event: 0.834 GC heap before
{Heap before GC invocations=21 (full 0):
 PSYoungGen      total 59904K, used 58560K [0x00000000eab00000, 0x00000000eef80000, 0x0000000100000000)
  eden space 52736K, 100% used [0x00000000eab00000,0x00000000ede80000,0x00000000ede80000)
  from space 7168K, 81% used [0x00000000ee680000,0x00000000eec30010,0x00000000eed80000)
  to   space 8192K, 0% used [0x00000000ede80000,0x00000000ede80000,0x00000000ee680000)
 ParOldGen       total 129536K, used 26228K [0x00000000c0000000, 0x00000000c7e80000, 0x00000000eab00000)
  object space 129536K, 20% used [0x00000000c0000000,0x00000000c199d208,0x00000000c7e80000)
 Metaspace       used 6051K, capacity 7000K, committed 7168K, reserved 1056768K
  class space    used 601K, capacity 656K, committed 768K, reserved 1048576K
Event: 0.846 GC heap after
Heap after GC invocations=21 (full 0):
 PSYoungGen      total 60928K, used 7800K [0x00000000eab00000, 0x00000000f0580000, 0x0000000100000000)
  eden space 52736K, 0% used [0x00000000eab00000,0x00000000eab00000,0x00000000ede80000)
  from space 8192K, 95% used [0x00000000ede80000,0x00000000ee61e358,0x00000000ee680000)
  to   space 9216K, 0% used [0x00000000efc80000,0x00000000efc80000,0x00000000f0580000)
 ParOldGen       total 129536K, used 31689K [0x00000000c0000000, 0x00000000c7e80000, 0x00000000eab00000)
  object space 129536K, 24% used [0x00000000c0000000,0x00000000c1ef27e0,0x00000000c7e80000)
 Metaspace       used 6051K, capacity 7000K, committed 7168K, reserved 1056768K
  class space    used 601K, capacity 656K, committed 768K, reserved 1048576K
}
Event: 0.924 GC heap before
{Heap before GC invocations=22 (full 0):
 PSYoungGen      total 60928K, used 60536K [0x00000000eab00000, 0x00000000f0580000, 0x0000000100000000)
  eden space 52736K, 100% used [0x00000000eab00000,0x00000000ede80000,0x00000000ede80000)
  from space 8192K, 95% used [0x00000000ede80000,0x00000000ee61e358,0x00000000ee680000)
  to   space 9216K, 0% used [0x00000000efc80000,0x00000000efc80000,0x00000000f0580000)
 ParOldGen       total 129536K, used 31689K [0x00000000c0000000, 0x00000000c7e80000, 0x00000000eab00000)
  object space 129536K, 24% used [0x00000000c0000000,0x00000000c1ef27e0,0x00000000c7e80000)
 Metaspace       used 6060K, capacity 7000K, committed 7168K, reserved 1056768K
  class space    used 601K, capacity 656K, committed 768K, reserved 1048576K
Event: 0.937 GC heap after
Heap after GC invocations=22 (full 0):
 PSYoungGen      total 81920K, used 8420K [0x00000000eab00000, 0x00000000f0880000, 0x0000000100000000)
  eden space 72704K, 0% used [0x00000000eab00000,0x00000000eab00000,0x00000000ef200000)
  from space 9216K, 91% used [0x00000000efc80000,0x00000000f04b9290,0x00000000f0580000)
  to   space 10752K, 0% used [0x00000000ef200000,0x00000000ef200000,0x00000000efc80000)
 ParOldGen       total 129536K, used 38901K [0x00000000c0000000, 0x00000000c7e80000, 0x00000000eab00000)
  object space 129536K, 30% used [0x00000000c0000000,0x00000000c25fd4f0,0x00000000c7e80000)
 Metaspace       used 6060K, capacity 7000K, committed 7168K, reserved 1056768K
  class space    used 601K, capacity 656K, committed 768K, reserved 1048576K
}
Event: 1.030 GC heap before
{Heap before GC invocations=23 (full 0):
 PSYoungGen      total 81920K, used 81124K [0x00000000eab00000, 0x00000000f0880000, 0x0000000100000000)
  eden space 72704K, 100% used [0x00000000eab00000,0x00000000ef200000,0x00000000ef200000)
  from space 9216K, 91% used [0x00000000efc80000,0x00000000f04b9290,0x00000000f0580000)
  to   space 10752K, 0% used [0x00000000ef200000,0x00000000ef200000,0x00000000efc80000)
 ParOldGen       total 129536K, used 38901K [0x00000000c0000000, 0x00000000c7e80000, 0x00000000eab00000)
  object space 129536K, 30% used [0x00000000c0000000,0x00000000c25fd4f0,0x00000000c7e80000)
 Metaspace       used 6064K, capacity 7000K, committed 7168K, reserved 1056768K
  class space    used 601K, capacity 656K, committed 768K, reserved 1048576K
Event: 1.046 GC heap after
Heap after GC invocations=23 (full 0):
 PSYoungGen      total 83456K, used 10737K [0x00000000eab00000, 0x00000000f2d80000, 0x0000000100000000)
  eden space 72704K, 0% used [0x00000000eab00000,0x00000000eab00000,0x00000000ef200000)
  from space 10752K, 99% used [0x00000000ef200000,0x00000000efc7c728,0x00000000efc80000)
  to   space 15872K, 0% used [0x00000000f1e00000,0x00000000f1e00000,0x00000000f2d80000)
 ParOldGen       total 129536K, used 47217K [0x00000000c0000000, 0x00000000c7e80000, 0x00000000eab00000)
  object space 129536K, 36% used [0x00000000c0000000,0x00000000c2e1c680,0x00000000c7e80000)
 Metaspace       used 6064K, capacity 7000K, committed 7168K, reserved 1056768K
  class space    used 601K, capacity 656K, committed 768K, reserved 1048576K
}
Event: 1.139 GC heap before
{Heap before GC invocations=24 (full 0):
 PSYoungGen      total 83456K, used 83441K [0x00000000eab00000, 0x00000000f2d80000, 0x0000000100000000)
  eden space 72704K, 100% used [0x00000000eab00000,0x00000000ef200000,0x00000000ef200000)
  from space 10752K, 99% used [0x00000000ef200000,0x00000000efc7c728,0x00000000efc80000)
  to   space 15872K, 0% used [0x00000000f1e00000,0x00000000f1e00000,0x00000000f2d80000)
 ParOldGen       total 129536K, used 47217K [0x00000000c0000000, 0x00000000c7e80000, 0x00000000eab00000)
  object space 129536K, 36% used [0x00000000c0000000,0x00000000c2e1c680,0x00000000c7e80000)
 Metaspace       used 6064K, capacity 7000K, committed 7168K, reserved 1056768K
  class space    used 601K, capacity 656K, committed 768K, reserved 1048576K
Event: 1.158 GC heap after
Heap after GC invocations=24 (full 0):
 PSYoungGen      total 117248K, used 10400K [0x00000000eab00000, 0x00000000f2e80000, 0x0000000100000000)
  eden space 101376K, 0% used [0x00000000eab00000,0x00000000eab00000,0x00000000f0e00000)
  from space 15872K, 65% used [0x00000000f1e00000,0x00000000f2828000,0x00000000f2d80000)
  to   space 16384K, 0% used [0x00000000f0e00000,0x00000000f0e00000,0x00000000f1e00000)
 ParOldGen       total 129536K, used 57750K [0x00000000c0000000, 0x00000000c7e80000, 0x00000000eab00000)
  object space 129536K, 44% used [0x00000000c0000000,0x00000000c3865a48,0x00000000c7e80000)
 Metaspace       used 6064K, capacity 7000K, committed 7168K, reserved 1056768K
  class space    used 601K, capacity 656K, committed 768K, reserved 1048576K
}
Event: 1.291 GC heap before
{Heap before GC invocations=25 (full 0):
 PSYoungGen      total 117248K, used 111776K [0x00000000eab00000, 0x00000000f2e80000, 0x0000000100000000)
  eden space 101376K, 100% used [0x00000000eab00000,0x00000000f0e00000,0x00000000f0e00000)
  from space 15872K, 65% used [0x00000000f1e00000,0x00000000f2828000,0x00000000f2d80000)
  to   space 16384K, 0% used [0x00000000f0e00000,0x00000000f0e00000,0x00000000f1e00000)
 ParOldGen       total 129536K, used 57750K [0x00000000c0000000, 0x00000000c7e80000, 0x00000000eab00000)
  object space 129536K, 44% used [0x00000000c0000000,0x00000000c3865a48,0x00000000c7e80000)
 Metaspace       used 6065K, capacity 7000K, committed 7168K, reserved 1056768K
  class space    used 601K, capacity 656K, committed 768K, reserved 1048576K
Event: 1.315 GC heap after
Heap after GC invocations=25 (full 0):
 PSYoungGen      total 117760K, used 14176K [0x00000000eab00000, 0x00000000f5000000, 0x0000000100000000)
  eden space 101376K, 0% used [0x00000000eab00000,0x00000000eab00000,0x00000000f0e00000)
  from space 16384K, 86% used [0x00000000f0e00000,0x00000000f1bd8000,0x00000000f1e00000)
  to   space 18432K, 0% used [0x00000000f3e00000,0x00000000f3e00000,0x00000000f5000000)
 ParOldGen       total 129536K, used 67852K [0x00000000c0000000, 0x00000000c7e80000, 0x00000000eab00000)
  object space 129536K, 52% used [0x00000000c0000000,0x00000000c4243150,0x00000000c7e80000)
 Metaspace       used 6065K, capacity 7000K, committed 7168K, reserved 1056768K
  class space    used 601K, capacity 656K, committed 768K, reserved 1048576K
}

