# JRE version: Java(TM) SE Runtime Environment (8.0_05-b13) (build 1.8.0_05-b13)
# Java VM: Java HotSpot(TM) 64-Bit Server VM (25.5-b02 mixed mode windows-amd64 compressed oops)
Heap:
 PSYoungGen      total 152064K, used 37445K [0x00000000eab00000, 0x00000000f5600000, 0x0000000100000000)
  eden space 135168K, 16% used [0x00000000eab00000,0x00000000ec131660,0x00000000f2f00000)
  from space 16896K, 87% used [0x00000000f4180000,0x00000000f4fe0010,0x00000000f5200000)
  to   space 18944K, 0% used [0x00000000f2f00000,0x00000000f2f00000,0x00000000f4180000)
 ParOldGen       total 129536K, used 72611K [0x00000000c0000000, 0x00000000c7e80000, 0x00000000eab00000)
  object space 129536K, 56% used [0x00000000c0000000,0x00000000c46e8cd8,0x00000000c7e80000)
 Metaspace       used 6314K, capacity 7192K, committed 7424K, reserved 1056768K
  class space    used 618K, capacity 656K, committed 768K, reserved 1048576K
GC Heap History (10 events):
Event: 0.976 GC heap before
{Heap before GC invocations=18 (full 0):
 PSYoungGen      total 58368K, used 58336K [0x00000000eab00000, 0x00000000f0500000, 0x0000000100000000)
  eden space 51200K, 100% used [0x00000000eab00000,0x00000000edd00000,0x00000000edd00000)
  from space 7168K, 99% used [0x00000000edd00000,0x00000000ee3f8010,0x00000000ee400000)
  to   space 10240K, 0% used [0x00000000efb00000,0x00000000efb00000,0x00000000f0500000)
 ParOldGen       total 129536K, used 24429K [0x00000000c0000000, 0x00000000c7e80000, 0x00000000eab00000)
  object space 129536K, 18% used [0x00000000c0000000,0x00000000c17db620,0x00000000c7e80000)
 Metaspace       used 6041K, capacity 7000K, committed 7168K, reserved 1056768K
  class space    used 601K, capacity 656K, committed 768K, reserved 1048576K
Event: 0.987 GC heap after
Heap after GC invocations=18 (full 0):
 PSYoungGen      total 80896K, used 7500K [0x00000000eab00000, 0x00000000f0700000, 0x0000000100000000)
  eden space 70656K, 0% used [0x00000000eab00000,0x00000000eab00000,0x00000000ef000000)
  from space 10240K, 73% used [0x00000000efb00000,0x00000000f0253330,0x00000000f0500000)
  to   space 11264K, 0% used [0x00000000ef000000,0x00000000ef000000,0x00000000efb00000)
 ParOldGen       total 129536K, used 31603K [0x00000000c0000000, 0x00000000c7e80000, 0x00000000eab00000)
  object space 129536K, 24% used [0x00000000c0000000,0x00000000c1edcf18,0x00000000c7e80000)
 Metaspace       used 6041K, capacity 7000K, committed 7168K, reserved 1056768K
  class space    used 601K, capacity 656K, committed 768K, reserved 1048576K
}
Event: 1.158 GC heap before
{Heap before GC invocations=19 (full 0):
 PSYoungGen      total 80896K, used 78156K [0x00000000eab00000, 0x00000000f0700000, 0x0000000100000000)
  eden space 70656K, 100% used [0x00000000eab00000,0x00000000ef000000,0x00000000ef000000)
  from space 10240K, 73% used [0x00000000efb00000,0x00000000f0253330,0x00000000f0500000)
  to   space 11264K, 0% used [0x00000000ef000000,0x00000000ef000000,0x00000000efb00000)
 ParOldGen       total 129536K, used 31603K [0x00000000c0000000, 0x00000000c7e80000, 0x00000000eab00000)
  object space 129536K, 24% used [0x00000000c0000000,0x00000000c1edcf18,0x00000000c7e80000)
 Metaspace       used 6048K, capacity 7000K, committed 7168K, reserved 1056768K
  class space    used 601K, capacity 656K, committed 768K, reserved 1048576K
Event: 1.174 GC heap after
Heap after GC invocations=19 (full 0):
 PSYoungGen      total 81920K, used 11250K [0x00000000eab00000, 0x00000000f2600000, 0x0000000100000000)
  eden space 70656K, 0% used [0x00000000eab00000,0x00000000eab00000,0x00000000ef000000)
  from space 11264K, 99% used [0x00000000ef000000,0x00000000efafca88,0x00000000efb00000)
  to   space 13312K, 0% used [0x00000000f1900000,0x00000000f1900000,0x00000000f2600000)
 ParOldGen       total 129536K, used 38701K [0x00000000c0000000, 0x00000000c7e80000, 0x00000000eab00000)
  object space 129536K, 29% used [0x00000000c0000000,0x00000000c25cb758,0x00000000c7e80000)
 Metaspace       used 6048K, capacity 7000K, committed 7168K, reserved 1056768K
  class space    used 601K, capacity 656K, committed 768K, reserved 1048576K
}
Event: 1.286 GC heap before
{Heap before GC invocations=20 (full 0):
 PSYoungGen      total 81920K, used 81906K [0x00000000eab00000, 0x00000000f2600000, 0x0000000100000000)
  eden space 70656K, 100% used [0x00000000eab00000,0x00000000ef000000,0x00000000ef000000)
  from space 11264K, 99% used [0x00000000ef000000,0x00000000efafca88,0x00000000efb00000)
  to   space 13312K, 0% used [0x00000000f1900000,0x00000000f1900000,0x00000000f2600000)
 ParOldGen       total 129536K, used 38701K [0x00000000c0000000, 0x00000000c7e80000, 0x00000000eab00000)
  object space 129536K, 29% used [0x00000000c0000000,0x00000000c25cb758,0x00000000c7e80000)
 Metaspace       used 6052K, capacity 7000K, committed 7168K, reserved 1056768K
  class space    used 601K, capacity 656K, committed 768K, reserved 1048576K
Event: 1.308 GC heap after
Heap after GC invocations=20 (full 0):
 PSYoungGen      total 111104K, used 11019K [0x00000000eab00000, 0x00000000f2900000, 0x0000000100000000)
  eden space 97792K, 0% used [0x00000000eab00000,0x00000000eab00000,0x00000000f0a80000)
  from space 13312K, 82% used [0x00000000f1900000,0x00000000f23c2d70,0x00000000f2600000)
  to   space 14848K, 0% used [0x00000000f0a80000,0x00000000f0a80000,0x00000000f1900000)
 ParOldGen       total 129536K, used 49373K [0x00000000c0000000, 0x00000000c7e80000, 0x00000000eab00000)
  object space 129536K, 38% used [0x00000000c0000000,0x00000000c30375b8,0x00000000c7e80000)
 Metaspace       used 6052K, capacity 7000K, committed 7168K, reserved 1056768K
  class space    used 601K, capacity 656K, committed 768K, reserved 1048576K
}
Event: 1.499 GC heap before
{Heap before GC invocations=21 (full 0):
 PSYoungGen      total 111104K, used 108811K [0x00000000eab00000, 0x00000000f2900000, 0x0000000100000000)
  eden space 97792K, 100% used [0x00000000eab00000,0x00000000f0a80000,0x00000000f0a80000)
  from space 13312K, 82% used [0x00000000f1900000,0x00000000f23c2d70,0x00000000f2600000)
  to   space 14848K, 0% used [0x00000000f0a80000,0x00000000f0a80000,0x00000000f1900000)
 ParOldGen       total 129536K, used 49373K [0x00000000c0000000, 0x00000000c7e80000, 0x00000000eab00000)
  object space 129536K, 38% used [0x00000000c0000000,0x00000000c30375b8,0x00000000c7e80000)
 Metaspace       used 6055K, capacity 7000K, committed 7168K, reserved 1056768K
  class space    used 601K, capacity 656K, committed 768K, reserved 1048576K
Event: 1.519 GC heap after
Heap after GC invocations=21 (full 0):
 PSYoungGen      total 112640K, used 13408K [0x00000000eab00000, 0x00000000f5200000, 0x0000000100000000)
  eden space 97792K, 0% used [0x00000000eab00000,0x00000000eab00000,0x00000000f0a80000)
  from space 14848K, 90% used [0x00000000f0a80000,0x00000000f1798000,0x00000000f1900000)
  to   space 16896K, 0% used [0x00000000f4180000,0x00000000f4180000,0x00000000f5200000)
 ParOldGen       total 129536K, used 59559K [0x00000000c0000000, 0x00000000c7e80000, 0x00000000eab00000)
  object space 129536K, 45% used [0x00000000c0000000,0x00000000c3a29f98,0x00000000c7e80000)
 Metaspace       used 6055K, capacity 7000K, committed 7168K, reserved 1056768K
  class space    used 601K, capacity 656K, committed 768K, reserved 1048576K
}
Event: 1.719 GC heap before
{Heap before GC invocations=22 (full 0):
 PSYoungGen      total 112640K, used 111200K [0x00000000eab00000, 0x00000000f5200000, 0x0000000100000000)
  eden space 97792K, 100% used [0x00000000eab00000,0x00000000f0a80000,0x00000000f0a80000)
  from space 14848K, 90% used [0x00000000f0a80000,0x00000000f1798000,0x00000000f1900000)
  to   space 16896K, 0% used [0x00000000f4180000,0x00000000f4180000,0x00000000f5200000)
 ParOldGen       total 129536K, used 59559K [0x00000000c0000000, 0x00000000c7e80000, 0x00000000eab00000)
  object space 129536K, 45% used [0x00000000c0000000,0x00000000c3a29f98,0x00000000c7e80000)
 Metaspace       used 6062K, capacity 7000K, committed 7168K, reserved 1056768K
  class space    used 602K, capacity 656K, committed 768K, reserved 1048576K
Event: 1.743 GC heap after
Heap after GC invocations=22 (full 0):
 PSYoungGen      total 152064K, used 14720K [0x00000000eab00000, 0x00000000f5600000, 0x0000000100000000)
  eden space 135168K, 0% used [0x00000000eab00000,0x00000000eab00000,0x00000000f2f00000)
  from space 16896K, 87% used [0x00000000f4180000,0x00000000f4fe0010,0x00000000f5200000)
  to   space 18944K, 0% used [0x00000000f2f00000,0x00000000f2f00000,0x00000000f4180000)
 ParOldGen       total 129536K, used 72611K [0x00000000c0000000, 0x00000000c7e80000, 0x00000000eab00000)
  object space 129536K, 56% used [0x00000000c0000000,0x00000000c46e8cd8,0x00000000c7e80000)
 Metaspace       used 6062K, capacity 7000K, committed 7168K, reserved 1056768K
  class space    used 602K, capacity 656K, committed 768K, reserved 1048576K
}

